<?xml version="1.0" encoding="UTF-8" ?>
<testsuite tests="56" failures="0" name="services.TestTableService" time="0.135" errors="0" skipped="0">
  <properties>
[...]
</properties>
  <testcase classname="services.TestTableService" name="testEditIndexOutOfBounds1" time="0.009"/>
  <testcase classname="services.TestTableService" name="testEditIndexOutOfBounds2" time="0"/>
  <testcase classname="services.TestTableService" name="testEditIndexOutOfBounds3" time="0.001"/>
  <testcase classname="services.TestTableService" name="testEditIndexOutOfBounds4" time="0.002"/>
  <testcase classname="services.TestTableService" name="testEditIndexOutOfBounds5" time="0.002"/>
  <testcase classname="services.TestTableService" name="testEditIndexOutOfBounds6" time="0.001"/>
  <testcase classname="services.TestTableService" name="testEditIndexOutOfBounds7" time="0.001"/>
  <testcase classname="services.TestTableService" name="testEditIndexOutOfBounds8" time="0.001"/>
  <testcase classname="services.TestTableService" name="testServiceConstructor" time="0.001"/>
  <testcase classname="services.TestTableService" name="testEditIncorrectInput10" time="0.041"/>
  <testcase classname="services.TestTableService" name="testEditIncorrectInput11" time="0"/>
  <testcase classname="services.TestTableService" name="testEditIncorrectInput12" time="0.002"/>
  <testcase classname="services.TestTableService" name="testEditIncorrectInput13" time="0.002"/>
  <testcase classname="services.TestTableService" name="testEditIncorrectInput14" time="0.003"/>
  <testcase classname="services.TestTableService" name="testEditIncorrectInput15" time="0"/>
  <testcase classname="services.TestTableService" name="testEditCorrectInput1" time="0.003"/>
  <testcase classname="services.TestTableService" name="testEditCorrectInput2" time="0.002"/>
  <testcase classname="services.TestTableService" name="testEditCorrectInput3" time="0.001"/>
  <testcase classname="services.TestTableService" name="testEditCorrectInput4" time="0"/>
  <testcase classname="services.TestTableService" name="testEditCorrectInput5" time="0.001"/>
  <testcase classname="services.TestTableService" name="testEditCorrectInput6" time="0.001"/>
  <testcase classname="services.TestTableService" name="testEditCorrectInput7" time="0.001"/>
  <testcase classname="services.TestTableService" name="testEditCorrectInput8" time="0.001"/>
  <testcase classname="services.TestTableService" name="testEditCorrectInput9" time="0.008"/>
  <testcase classname="services.TestTableService" name="testAddRow1" time="0.001"/>
  <testcase classname="services.TestTableService" name="testAddRow2" time="0"/>
  <testcase classname="services.TestTableService" name="testAddRow3" time="0.001"/>
  <testcase classname="services.TestTableService" name="testAddRow4" time="0.001"/>
  <testcase classname="services.TestTableService" name="testEditCorrectInput10" time="0"/>
  <testcase classname="services.TestTableService" name="testEditCorrectInput11" time="0.001"/>
  <testcase classname="services.TestTableService" name="testEditCorrectInput12" time="0.001"/>
  <testcase classname="services.TestTableService" name="testEditCorrectInput13" time="0.003"/>
  <testcase classname="services.TestTableService" name="testEditCorrectInput14" time="0.001"/>
  <testcase classname="services.TestTableService" name="testEditCorrectInput15" time="0.001"/>
  <testcase classname="services.TestTableService" name="testSearchIncorrectInput1" time="0.001"/>
  <testcase classname="services.TestTableService" name="testSearchIncorrectInput2" time="0.001"/>
  <testcase classname="services.TestTableService" name="testSearchIncorrectInput3" time="0.003"/>
  <testcase classname="services.TestTableService" name="testSearchIncorrectInput4" time="0.001"/>
  <testcase classname="services.TestTableService" name="testSearchIncorrectInput5" time="0"/>
  <testcase classname="services.TestTableService" name="testSearchCorrectInput1" time="0.003"/>
  <testcase classname="services.TestTableService" name="testSearchCorrectInput2" time="0.001"/>
  <testcase classname="services.TestTableService" name="testSearchCorrectInput3" time="0.001"/>
  <testcase classname="services.TestTableService" name="testSearchCorrectInput4" time="0.004"/>
  <testcase classname="services.TestTableService" name="testTableConstructor" time="0.001"/>
  <testcase classname="services.TestTableService" name="testEditIncorrectInput1" time="0.001"/>
  <testcase classname="services.TestTableService" name="testEditIncorrectInput2" time="0.001"/>
  <testcase classname="services.TestTableService" name="testEditIncorrectInput3" time="0.004"/>
  <testcase classname="services.TestTableService" name="testEditIncorrectInput4" time="0.001"/>
  <testcase classname="services.TestTableService" name="testEditIncorrectInput5" time="0.001"/>
  <testcase classname="services.TestTableService" name="testEditIncorrectInput6" time="0.001"/>
  <testcase classname="services.TestTableService" name="testEditIncorrectInput7" time="0.001"/>
  <testcase classname="services.TestTableService" name="testEditIncorrectInput8" time="0.001"/>
  <testcase classname="services.TestTableService" name="testEditIncorrectInput9" time="0.001"/>
  <testcase classname="services.TestTableService" name="testReset1" time="0.011"/>
  <testcase classname="services.TestTableService" name="testReset2" time="0.002"/>
  <testcase classname="services.TestTableService" name="testReset3" time="0"/>
</testsuite>